GENERATION 0
  Population: 2964
  Alive: 568
  Elders: 0
  Prime Elders: 0
  Dead: 2396
GENERATION 1
  Population: 2964
  Alive: 522
  Elders: 0
  Prime Elders: 0
  Dead: 2442
GENERATION 2
  Population: 2964
  Alive: 503
  Elders: 0
  Prime Elders: 0
  Dead: 2461
GENERATION 3
  Population: 2964
  Alive: 518
  Elders: 0
  Prime Elders: 0
  Dead: 2446
GENERATION 4
  Population: 2964
  Alive: 478
  Elders: 0
  Prime Elders: 0
  Dead: 2486
GENERATION 5
  Population: 2964
  Alive: 527
  Elders: 0
  Prime Elders: 0
  Dead: 2437
GENERATION 6
  Population: 2964
  Alive: 473
  Elders: 13
  Prime Elders: 0
  Dead: 2491
GENERATION 7
  Population: 2964
  Alive: 501
  Elders: 19
  Prime Elders: 0
  Dead: 2463
GENERATION 8
  Population: 2964
  Alive: 505
  Elders: 23
  Prime Elders: 0
  Dead: 2459
GENERATION 9
  Population: 2964
  Alive: 495
  Elders: 20
  Prime Elders: 0
  Dead: 2469
GENERATION 10
  Population: 2964
  Alive: 443
  Elders: 24
  Prime Elders: 0
  Dead: 2521
GENERATION 11
  Population: 2964
  Alive: 440
  Elders: 18
  Prime Elders: 4
  Dead: 2524
GENERATION 12
  Population: 2964
  Alive: 422
  Elders: 17
  Prime Elders: 5
  Dead: 2542
GENERATION 13
  Population: 2964
  Alive: 431
  Elders: 15
  Prime Elders: 5
  Dead: 2533
GENERATION 14
  Population: 2964
  Alive: 433
  Elders: 19
  Prime Elders: 3
  Dead: 2531
GENERATION 15
  Population: 2964
  Alive: 453
  Elders: 18
  Prime Elders: 2
  Dead: 2511
GENERATION 16
  Population: 2964
  Alive: 405
  Elders: 24
  Prime Elders: 2
  Dead: 2559
GENERATION 17
  Population: 2964
  Alive: 443
  Elders: 27
  Prime Elders: 3
  Dead: 2521
GENERATION 18
  Population: 2964
  Alive: 397
  Elders: 21
  Prime Elders: 2
  Dead: 2567
GENERATION 19
  Population: 2964
  Alive: 393
  Elders: 19
  Prime Elders: 3
  Dead: 2571
GENERATION 20
  Population: 2964
  Alive: 368
  Elders: 22
  Prime Elders: 4
  Dead: 2596
GENERATION 21
  Population: 2964
  Alive: 381
  Elders: 18
  Prime Elders: 6
  Dead: 2583
GENERATION 22
  Population: 2964
  Alive: 344
  Elders: 16
  Prime Elders: 10
  Dead: 2620
GENERATION 23
  Population: 2964
  Alive: 357
  Elders: 19
  Prime Elders: 10
  Dead: 2607
GENERATION 24
  Population: 2964
  Alive: 358
  Elders: 23
  Prime Elders: 13
  Dead: 2606
GENERATION 25
  Population: 2964
  Alive: 381
  Elders: 22
  Prime Elders: 15
  Dead: 2583
GENERATION 26
  Population: 2964
  Alive: 370
  Elders: 19
  Prime Elders: 16
  Dead: 2594
GENERATION 27
  Population: 2964
  Alive: 364
  Elders: 22
  Prime Elders: 17
  Dead: 2600
GENERATION 28
  Population: 2964
  Alive: 375
  Elders: 22
  Prime Elders: 18
  Dead: 2589
